2	N	46
2	J	46
1	W	47
2	R	47
3	N	64
3	J	65
2	J	67
3	R	67
3	W	74
2	R	74
2	E	77
1	J	77
1	R	77
4	N	77
4	J	77
1	W	77
4	R	77
5	N	113
5	J	114
4	J	114
5	R	114
5	E	118
4	R	118
4	W	124
0	R	124
4	J	297
4	R	297
4	W	297
0	R	297
4	J	357
4	R	357
4	W	357
0	R	357
4	J	392
4	R	392
4	W	392
0	R	392
4	J	507
4	R	507
4	W	507
0	R	507
4	J	532
4	R	532
4	W	532
0	R	532
4	J	567
4	R	567
4	W	567
0	R	567
4	J	597
4	R	597
4	W	597
0	R	597
4	J	615
4	R	615
4	W	615
0	R	615
4	J	717
4	R	717
4	W	717
0	R	717
4	J	747
4	R	747
4	W	747
0	R	747
4	J	1167
4	R	1167
6	N	1168
6	J	1169
4	W	1170
6	R	1170
4	J	1172
6	E	1173
4	R	1173
4	W	1174
0	R	1174
4	J	1378
4	R	1378
4	W	1378
0	R	1379
4	J	1407
4	R	1407
4	W	1407
0	R	1407
4	J	1412
4	R	1412
4	W	1412
0	R	1412
4	J	1437
4	R	1437
4	W	1437
0	R	1437
4	J	1477
4	R	1477
4	W	1477
0	R	1477
4	J	1527
4	R	1527
4	W	1527
0	R	1527
4	J	1531
4	R	1531
4	W	1531
0	R	1531
4	J	1557
4	R	1557
4	W	1557
0	R	1557
4	J	1587
4	R	1587
4	W	1587
0	R	1587
4	J	1617
4	R	1617
4	W	1617
0	R	1617
4	J	1647
4	R	1647
4	W	1647
0	R	1647
4	J	1652
4	R	1652
4	W	1652
0	R	1652
4	J	1707
4	R	1707
4	W	1707
0	R	1707
4	J	1727
4	R	1727
4	W	1727
0	R	1727
4	J	1737
4	R	1737
4	W	1737
0	R	1737
4	J	1767
4	R	1767
7	N	1767
7	J	1768
4	W	1769
7	R	1769
8	N	1771
8	J	1772
9	N	1772
9	J	1773
10	N	1773
10	J	1774
7	J	1774
10	R	1774
10	J	1779
9	R	1779
9	J	1784
8	R	1784
8	J	1789
10	R	1789
10	J	1794
9	R	1794
9	J	1799
8	R	1799
8	J	1804
7	R	1804
11	N	1804
11	J	1805
12	N	1805
12	J	1806
13	N	1806
13	J	1807
14	N	1807
14	J	1808
15	N	1808
15	J	1809
7	J	1809
15	R	1809
15	J	1814
14	R	1814
14	J	1819
13	R	1819
13	J	1824
12	R	1824
12	J	1829
11	R	1829
11	J	1834
15	R	1834
15	J	1839
14	R	1839
14	J	1844
13	R	1844
13	J	1849
12	R	1849
12	J	1854
11	R	1854
11	J	1859
10	R	1859
10	J	1864
9	R	1864
9	J	1869
8	R	1869
8	J	1874
7	R	1874
16	N	1874
16	J	1875
7	W	1875
16	R	1875
16	J	1885
15	R	1885
15	J	1890
14	R	1890
14	J	1895
13	R	1895
13	J	1900
12	R	1900
12	J	1905
11	R	1905
11	J	1910
10	R	1910
10	J	1915
9	R	1915
9	J	1920
8	R	1920
8	J	1925
16	R	1925
16	J	1930
15	R	1930
15	J	1935
14	R	1935
14	J	1940
13	R	1940
13	J	1945
12	R	1945
12	J	1950
11	R	1950
11	J	1955
10	R	1955
10	J	1960
9	R	1960
9	J	1965
8	R	1965
8	J	1970
16	R	1970
16	J	1975
15	R	1975
15	J	1980
14	R	1980
14	J	1985
13	R	1985
13	J	1990
12	R	1990
12	J	1995
11	R	1995
11	J	2000
10	R	2000
10	J	2005
9	R	2005
9	J	2010
8	R	2010
8	J	2015
16	R	2015
16	J	2020
15	R	2020
15	J	2025
14	R	2025
14	J	2030
13	R	2030
13	J	2035
12	R	2035
12	J	2040
11	R	2040
11	J	2045
10	R	2045
10	J	2050
9	R	2050
9	J	2055
8	R	2055
8	J	2060
16	R	2060
16	J	2065
15	R	2065
15	J	2070
14	R	2070
14	J	2075
13	R	2075
13	J	2080
12	R	2080
12	J	2085
11	R	2085
11	J	2090
10	R	2090
10	J	2095
9	R	2095
9	J	2100
8	R	2100
8	J	2105
16	R	2105
16	J	2110
15	R	2110
15	J	2115
14	R	2115
14	J	2120
13	R	2120
13	J	2125
12	R	2125
12	J	2130
11	R	2130
11	J	2135
10	R	2135
10	J	2140
9	R	2140
9	J	2145
8	R	2145
8	J	2150
16	R	2150
16	J	2155
15	R	2155
15	J	2160
14	R	2160
14	J	2165
13	R	2165
13	J	2170
12	R	2170
12	J	2175
11	R	2175
11	J	2180
10	R	2180
10	J	2185
9	R	2185
9	J	2190
8	R	2190
8	J	2195
16	R	2195
16	J	2200
15	R	2200
15	J	2205
14	R	2205
14	J	2210
13	R	2210
13	J	2215
12	R	2215
12	J	2220
11	R	2220
11	J	2225
10	R	2225
10	J	2230
9	R	2230
9	J	2235
8	R	2235
8	J	2240
16	R	2240
16	J	2245
15	R	2245
15	J	2250
14	R	2250
14	J	2255
13	R	2255
13	J	2260
12	R	2260
12	J	2265
11	R	2265
11	J	2270
10	R	2270
10	J	2275
9	R	2275
9	J	2280
8	R	2280
8	J	2285
16	R	2285
16	J	2290
15	R	2290
15	J	2295
14	R	2295
14	J	2300
13	R	2300
13	J	2305
12	R	2305
12	J	2310
11	R	2310
11	J	2315
10	R	2315
10	J	2320
9	R	2320
9	J	2325
8	R	2325
8	J	2330
16	R	2330
16	J	2335
15	R	2335
15	J	2340
14	R	2340
14	J	2345
13	R	2345
13	J	2350
12	R	2350
12	J	2355
11	R	2355
11	J	2360
10	R	2360
10	J	2365
9	R	2365
9	J	2370
8	R	2370
8	J	2375
16	R	2375
16	J	2380
15	R	2380
15	J	2385
14	R	2385
14	J	2390
13	R	2390
13	J	2395
12	R	2395
12	J	2400
11	R	2400
11	J	2405
10	R	2405
10	J	2410
9	R	2410
9	J	2415
8	R	2415
8	J	2420
16	R	2420
16	J	2425
15	R	2425
15	J	2430
14	R	2430
14	J	2435
13	R	2435
13	J	2440
12	R	2440
12	J	2445
11	R	2445
11	J	2450
10	R	2450
10	J	2455
9	R	2455
9	J	2460
8	R	2460
8	J	2465
16	R	2465
16	J	2470
15	R	2470
15	J	2475
14	R	2475
14	J	2480
13	R	2480
13	J	2485
12	R	2485
12	J	2490
11	R	2490
11	J	2495
10	R	2495
10	J	2500
9	R	2500
9	J	2505
8	R	2505
8	J	2510
16	R	2510
16	J	2515
15	R	2515
15	J	2520
14	R	2520
14	J	2525
13	R	2525
13	J	2530
12	R	2530
12	J	2535
11	R	2535
11	J	2540
10	R	2540
10	J	2545
9	R	2545
9	J	2550
8	R	2550
8	J	2555
16	R	2555
16	J	2560
15	R	2560
15	J	2565
14	R	2565
14	J	2570
13	R	2570
13	J	2575
12	R	2575
12	J	2580
11	R	2580
11	J	2585
10	R	2585
10	J	2590
9	R	2590
9	J	2595
8	R	2595
8	J	2600
16	R	2600
16	J	2605
15	R	2605
15	J	2610
14	R	2610
14	J	2615
13	R	2615
13	J	2620
12	R	2620
12	J	2625
11	R	2625
11	J	2630
10	R	2630
10	J	2635
9	R	2635
9	J	2640
8	R	2640
8	J	2645
16	R	2645
16	J	2650
15	R	2650
15	J	2655
14	R	2655
14	J	2660
13	R	2660
13	J	2665
12	R	2665
12	J	2670
11	R	2670
11	J	2675
10	R	2675
10	J	2680
9	R	2680
9	J	2685
8	R	2685
8	W	2685
16	R	2685
16	J	2690
15	R	2690
15	J	2695
14	R	2695
14	J	2700
13	R	2700
13	J	2705
12	R	2705
12	J	2710
11	R	2710
11	J	2715
10	R	2715
10	J	2720
9	R	2720
9	J	2725
16	R	2725
16	J	2730
15	R	2730
15	J	2735
14	R	2735
14	J	2740
13	R	2740
13	J	2745
12	R	2745
12	J	2750
11	R	2750
11	J	2755
10	R	2755
10	J	2760
9	R	2760
9	J	2765
16	R	2765
16	J	2770
15	R	2770
15	J	2775
14	R	2775
14	J	2780
13	R	2780
13	J	2785
12	R	2785
8	J	2790
12	J	2790
8	R	2790
8	W	2790
11	R	2790
11	J	2795
10	R	2795
10	J	2800
9	R	2800
9	J	2805
16	R	2805
16	J	2810
15	R	2810
15	J	2815
14	R	2815
14	J	2820
13	R	2820
13	J	2825
12	R	2825
12	J	2830
11	R	2830
11	J	2835
10	R	2835
10	J	2840
9	R	2840
9	J	2845
16	R	2845
16	J	2850
15	R	2850
15	J	2855
14	R	2855
14	J	2860
13	R	2860
13	J	2865
12	R	2865
12	J	2870
11	R	2870
11	J	2875
10	R	2875
10	J	2880
9	R	2880
9	J	2885
16	R	2885
16	J	2890
15	R	2890
8	J	2895
15	J	2895
8	R	2895
8	W	2895
14	R	2895
14	J	2900
13	R	2900
13	J	2905
12	R	2905
12	J	2910
11	R	2910
11	J	2915
10	R	2915
10	J	2920
9	R	2920
9	J	2925
16	R	2925
16	J	2930
15	R	2930
15	J	2935
14	R	2935
14	J	2940
13	R	2940
13	J	2945
12	R	2945
12	J	2950
11	R	2950
11	J	2955
10	R	2955
10	J	2960
9	R	2960
9	J	2965
16	R	2965
16	J	2970
15	R	2970
15	J	2975
14	R	2975
14	J	2980
13	R	2980
13	J	2985
12	R	2985
12	J	2990
11	R	2990
11	J	2995
10	R	2995
8	J	3000
10	J	3000
8	R	3000
8	W	3000
9	R	3000
9	J	3005
16	R	3005
16	J	3010
15	R	3010
15	J	3015
14	R	3015
14	J	3020
13	R	3020
13	J	3025
12	R	3025
12	J	3030
11	R	3030
11	J	3035
10	R	3035
10	J	3040
9	R	3040
9	J	3045
16	R	3045
16	J	3050
15	R	3050
15	J	3055
14	R	3055
14	J	3060
13	R	3060
13	J	3065
12	R	3065
12	J	3070
11	R	3070
3	J	3075
11	J	3075
3	R	3075
3	W	3078
10	R	3078
10	J	3083
9	R	3083
9	J	3088
16	R	3088
16	J	3093
15	R	3093
15	J	3098
14	R	3098
8	J	3103
14	J	3103
8	R	3103
8	W	3103
13	R	3103
13	J	3108
12	R	3108
12	J	3113
11	R	3113
11	J	3118
10	R	3118
10	J	3123
9	R	3123
9	J	3128
16	R	3128
16	J	3133
15	R	3133
15	J	3138
14	R	3138
14	J	3143
13	R	3143
13	J	3148
12	R	3148
12	J	3153
11	R	3153
11	J	3158
10	R	3158
10	J	3163
9	R	3163
9	J	3168
16	R	3168
16	J	3173
15	R	3173
15	J	3178
14	R	3178
14	J	3183
13	R	3183
13	J	3188
12	R	3188
12	J	3193
11	R	3193
11	J	3198
10	R	3198
10	J	3203
9	R	3203
8	J	3208
9	J	3208
8	R	3208
8	W	3208
16	R	3208
16	J	3213
15	R	3213
15	J	3218
14	R	3218
14	J	3223
13	R	3223
13	J	3228
12	R	3228
12	J	3233
11	R	3233
11	J	3238
10	R	3238
10	J	3243
9	R	3243
9	J	3248
16	R	3248
16	J	3253
15	R	3253
15	J	3258
14	R	3258
14	J	3263
13	R	3263
13	J	3268
12	R	3268
12	J	3273
11	R	3273
11	J	3278
10	R	3278
10	J	3283
9	R	3283
9	J	3288
16	R	3288
16	J	3293
15	R	3293
15	J	3298
14	R	3298
14	J	3303
13	R	3303
13	J	3308
12	R	3308
8	J	3313
12	J	3313
8	R	3313
8	W	3313
11	R	3313
11	J	3318
10	R	3318
10	J	3323
9	R	3323
9	J	3328
16	R	3328
16	J	3333
15	R	3333
15	J	3338
14	R	3338
14	J	3343
13	R	3343
13	J	3348
12	R	3348
12	J	3353
11	R	3353
11	J	3358
10	R	3358
10	J	3363
9	R	3363
9	J	3368
16	R	3368
16	J	3373
15	R	3373
15	J	3378
14	R	3378
14	J	3383
13	R	3383
13	J	3388
12	R	3388
12	J	3393
11	R	3393
11	J	3398
10	R	3398
10	J	3403
9	R	3403
9	J	3408
16	R	3408
16	J	3413
15	R	3413
8	J	3418
15	J	3418
8	R	3418
8	W	3418
14	R	3418
14	J	3423
13	R	3423
13	J	3428
12	R	3428
12	J	3433
11	R	3433
11	J	3438
10	R	3438
10	J	3443
9	R	3443
9	J	3448
16	R	3448
16	J	3453
15	R	3453
15	J	3458
14	R	3458
14	J	3463
13	R	3463
13	J	3468
12	R	3468
12	J	3473
11	R	3473
11	J	3478
10	R	3478
10	J	3483
9	R	3483
9	W	3483
16	R	3483
16	J	3488
15	R	3488
15	J	3493
14	R	3493
14	J	3498
13	R	3498
13	J	3503
12	R	3503
12	J	3508
11	R	3508
11	J	3513
10	R	3513
10	J	3518
16	R	3518
8	J	3523
16	J	3523
8	R	3523
8	W	3523
15	R	3523
15	J	3528
14	R	3528
14	J	3533
13	R	3533
13	J	3538
12	R	3538
12	J	3543
11	R	3543
11	J	3548
10	R	3548
10	J	3553
16	R	3553
16	J	3558
15	R	3558
15	J	3563
14	R	3563
14	J	3568
13	R	3568
13	J	3573
12	R	3573
12	J	3578
11	R	3578
11	J	3583
10	R	3583
9	J	3588
10	J	3588
9	R	3588
9	W	3588
16	R	3588
16	J	3593
15	R	3593
15	J	3598
14	R	3598
14	J	3603
13	R	3603
13	J	3608
12	R	3608
12	J	3613
11	R	3613
11	J	3618
10	R	3618
10	J	3623
16	R	3623
8	J	3628
16	J	3628
8	R	3628
8	J	3637
15	R	3637
15	J	3642
14	R	3642
14	J	3647
13	R	3647
13	J	3652
12	R	3652
12	J	3657
11	R	3657
11	J	3662
10	R	3662
10	J	3667
16	R	3667
16	J	3672
15	R	3672
15	J	3677
14	R	3677
14	J	3682
13	R	3682
13	J	3687
12	R	3687
9	J	3692
12	J	3692
9	R	3692
9	W	3692
11	R	3692
11	J	3697
10	R	3697
10	J	3702
8	R	3702
8	J	3707
16	R	3707
16	J	3712
15	R	3712
15	J	3717
14	R	3717
14	J	3722
13	R	3722
13	J	3727
12	R	3727
12	J	3732
11	R	3732
11	J	3737
10	R	3737
10	J	3742
8	R	3742
8	J	3747
16	R	3747
16	J	3752
15	R	3752
15	J	3757
14	R	3757
14	J	3762
13	R	3762
13	J	3767
12	R	3767
12	J	3772
11	R	3772
11	J	3777
10	R	3777
10	J	3782
8	R	3782
8	J	3787
16	R	3787
16	J	3792
15	R	3792
9	J	3797
15	J	3797
9	R	3797
9	W	3797
14	R	3797
14	J	3802
13	R	3802
13	J	3807
12	R	3807
12	J	3812
11	R	3812
11	J	3817
10	R	3817
10	J	3822
8	R	3822
8	J	3827
16	R	3827
16	J	3832
15	R	3832
15	J	3837
14	R	3837
14	J	3842
13	R	3842
13	J	3847
12	R	3847
12	J	3852
11	R	3852
11	J	3857
10	R	3857
10	J	3862
8	R	3862
8	J	3867
16	R	3867
16	J	3872
15	R	3872
15	J	3877
14	R	3877
14	J	3882
13	R	3882
13	J	3887
12	R	3887
12	J	3892
11	R	3892
11	J	3897
10	R	3897
9	J	3902
10	J	3902
9	R	3902
9	W	3902
8	R	3902
8	J	3907
16	R	3907
16	J	3912
15	R	3912
15	J	3917
14	R	3917
14	J	3922
13	R	3922
13	J	3927
12	R	3927
12	J	3932
11	R	3932
11	J	3937
10	R	3937
10	J	3942
8	R	3942
8	J	3947
16	R	3947
16	J	3952
15	R	3952
15	J	3957
14	R	3957
14	J	3962
13	R	3962
13	J	3967
12	R	3967
12	J	3972
11	R	3972
11	J	3977
10	R	3977
10	J	3982
8	R	3982
8	J	3987
16	R	3987
16	J	3992
15	R	3992
15	J	3997
14	R	3997
14	J	4002
13	R	4002
9	J	4007
13	J	4007
9	R	4007
9	W	4007
12	R	4007
12	J	4012
11	R	4012
11	J	4017
10	R	4017
10	J	4022
8	R	4022
8	J	4027
16	R	4027
16	J	4032
15	R	4032
15	J	4037
14	R	4037
14	J	4042
13	R	4042
13	J	4047
12	R	4047
12	J	4052
11	R	4052
11	J	4057
10	R	4057
10	J	4062
8	R	4062
8	J	4067
16	R	4067
16	J	4072
15	R	4072
15	J	4077
14	R	4077
14	J	4082
13	R	4082
13	J	4087
12	R	4087
12	J	4092
11	R	4092
11	J	4097
10	R	4097
10	J	4102
8	R	4102
8	J	4107
16	R	4107
9	J	4112
16	J	4112
9	R	4112
9	W	4112
15	R	4112
15	J	4117
14	R	4117
14	J	4122
13	R	4122
13	J	4127
12	R	4127
12	J	4132
11	R	4132
11	J	4137
10	R	4137
10	J	4142
8	R	4142
8	J	4147
16	R	4147
16	J	4152
15	R	4152
15	J	4157
14	R	4157
14	J	4162
13	R	4162
13	J	4167
12	R	4167
12	J	4172
11	R	4172
11	J	4177
10	R	4177
10	J	4182
8	R	4182
8	J	4187
16	R	4187
16	J	4192
15	R	4192
15	J	4197
14	R	4197
14	J	4202
13	R	4202
13	J	4207
12	R	4207
12	J	4212
11	R	4212
9	J	4217
11	J	4217
9	R	4217
9	W	4217
10	R	4217
10	J	4222
8	R	4222
8	J	4227
16	R	4227
16	J	4232
15	R	4232
15	J	4237
14	R	4237
14	J	4242
13	R	4242
13	J	4247
12	R	4247
12	J	4252
11	R	4252
11	J	4257
10	R	4257
10	W	4257
8	R	4257
8	J	4262
16	R	4262
16	J	4267
15	R	4267
15	J	4272
14	R	4272
14	J	4277
13	R	4277
13	J	4282
12	R	4282
12	J	4287
11	R	4287
11	J	4292
8	R	4292
8	J	4297
16	R	4297
16	J	4302
15	R	4302
15	J	4307
14	R	4307
14	J	4312
13	R	4312
13	J	4317
12	R	4317
9	J	4322
12	J	4322
9	R	4322
9	J	4331
11	R	4331
11	J	4336
8	R	4336
8	J	4341
16	R	4341
16	J	4346
15	R	4346
15	J	4351
14	R	4351
14	J	4356
13	R	4356
10	J	4361
13	J	4361
10	R	4361
10	W	4361
12	R	4361
12	J	4366
11	R	4366
11	J	4371
9	R	4371
9	J	4376
8	R	4376
8	J	4381
16	R	4381
16	J	4386
15	R	4386
15	J	4391
14	R	4391
14	J	4396
13	R	4396
13	J	4401
12	R	4401
12	J	4406
11	R	4406
11	J	4411
9	R	4411
9	J	4416
8	R	4416
8	W	4417
16	R	4417
16	J	4422
15	R	4422
15	J	4427
14	R	4427
14	J	4432
13	R	4432
13	J	4437
12	R	4437
12	J	4442
11	R	4442
11	J	4447
9	R	4447
9	J	4452
16	R	4452
16	J	4457
15	R	4457
10	J	4462
15	J	4462
10	R	4462
10	W	4462
14	R	4462
14	J	4467
13	R	4467
13	J	4472
12	R	4472
12	J	4477
11	R	4477
11	J	4482
9	R	4482
9	J	4487
16	R	4487
16	J	4492
15	R	4492
15	J	4497
14	R	4497
14	J	4502
13	R	4502
13	J	4507
12	R	4507
12	J	4512
11	R	4512
11	J	4517
9	R	4517
8	J	4522
9	J	4522
8	R	4522
8	W	4522
16	R	4522
16	J	4527
15	R	4527
15	J	4532
14	R	4532
14	J	4537
13	R	4537
13	J	4542
12	R	4542
12	J	4547
11	R	4547
11	J	4552
9	R	4552
9	J	4557
16	R	4557
16	J	4562
15	R	4562
10	J	4567
15	J	4567
10	R	4567
10	W	4567
14	R	4567
14	J	4572
13	R	4572
13	J	4577
12	R	4577
12	J	4582
11	R	4582
11	J	4587
9	R	4587
9	J	4592
16	R	4592
16	J	4597
15	R	4597
15	J	4602
14	R	4602
14	J	4607
13	R	4607
13	J	4612
12	R	4612
12	J	4617
11	R	4617
11	J	4622
9	R	4622
8	J	4627
9	J	4627
8	R	4627
8	W	4627
16	R	4627
16	J	4632
15	R	4632
15	J	4637
14	R	4637
14	J	4642
13	R	4642
13	J	4647
12	R	4647
12	J	4652
11	R	4652
11	J	4657
9	R	4657
9	J	4662
16	R	4662
16	J	4667
15	R	4667
10	J	4672
15	J	4672
10	R	4672
10	W	4672
14	R	4672
14	J	4677
13	R	4677
13	J	4682
12	R	4682
12	J	4687
11	R	4687
11	J	4692
9	R	4692
9	J	4697
16	R	4697
16	J	4702
15	R	4702
15	J	4707
14	R	4707
14	J	4712
13	R	4712
13	J	4717
12	R	4717
12	J	4722
11	R	4722
11	J	4727
9	R	4727
8	J	4732
9	J	4732
8	R	4732
8	W	4732
16	R	4732
16	J	4737
15	R	4737
15	J	4742
14	R	4742
14	J	4747
13	R	4747
13	J	4752
12	R	4752
12	J	4757
11	R	4757
11	J	4762
9	R	4762
9	J	4767
16	R	4767
16	J	4772
15	R	4772
10	J	4777
15	J	4777
10	R	4777
10	W	4777
14	R	4777
14	J	4782
13	R	4782
13	J	4787
12	R	4787
12	J	4792
11	R	4792
11	J	4797
9	R	4797
9	J	4802
16	R	4802
16	J	4807
15	R	4807
15	J	4812
14	R	4812
14	J	4817
13	R	4817
13	J	4822
12	R	4822
12	J	4827
11	R	4827
11	J	4832
9	R	4832
8	J	4837
9	J	4837
8	R	4837
8	W	4837
16	R	4837
16	J	4842
15	R	4842
15	J	4847
14	R	4847
14	J	4852
13	R	4852
13	J	4857
12	R	4857
12	J	4862
11	R	4862
11	J	4867
9	R	4867
9	J	4872
16	R	4872
16	J	4877
15	R	4877
10	J	4882
15	J	4882
10	R	4882
10	W	4882
14	R	4882
14	J	4887
13	R	4887
13	J	4892
12	R	4892
12	J	4897
11	R	4897
11	J	4902
9	R	4902
9	J	4907
16	R	4907
16	J	4912
15	R	4912
15	J	4917
14	R	4917
14	J	4922
13	R	4922
13	J	4927
12	R	4927
12	J	4932
11	R	4932
11	J	4937
9	R	4937
8	J	4942
9	J	4942
8	R	4942
8	W	4942
16	R	4942
16	J	4947
15	R	4947
15	J	4952
14	R	4952
14	J	4957
13	R	4957
13	J	4962
12	R	4962
12	J	4967
11	R	4967
11	J	4972
9	R	4972
9	J	4977
16	R	4977
16	J	4982
15	R	4982
10	J	4987
15	J	4987
10	R	4987
10	J	4996
14	R	4996
14	J	5001
13	R	5001
13	J	5006
12	R	5006
12	J	5011
11	R	5011
11	W	5011
9	R	5011
9	J	5016
16	R	5016
16	J	5021
15	R	5021
15	J	5026
14	R	5026
14	J	5031
13	R	5031
13	J	5036
12	R	5036
12	J	5041
10	R	5041
8	J	5046
10	J	5046
8	R	5046
8	W	5046
9	R	5046
9	J	5051
16	R	5051
16	J	5056
15	R	5056
15	J	5061
14	R	5061
14	J	5066
13	R	5066
13	J	5071
12	R	5071
12	J	5076
10	R	5076
10	J	5081
9	R	5081
9	J	5086
16	R	5086
16	J	5091
15	R	5091
15	J	5096
14	R	5096
14	J	5101
13	R	5101
13	J	5106
12	R	5106
12	J	5111
10	R	5111
11	J	5116
10	J	5116
11	R	5116
11	W	5116
9	R	5116
9	J	5121
16	R	5121
16	J	5126
15	R	5126
15	J	5131
14	R	5131
14	J	5136
13	R	5136
13	J	5141
12	R	5141
12	J	5146
10	R	5146
8	J	5151
10	J	5151
8	R	5151
8	W	5151
9	R	5151
9	J	5156
16	R	5156
16	J	5161
15	R	5161
15	J	5166
14	R	5166
14	J	5171
13	R	5171
13	J	5176
12	R	5176
12	J	5181
10	R	5181
10	J	5186
9	R	5186
9	J	5191
16	R	5191
16	J	5196
15	R	5196
15	J	5201
14	R	5201
14	J	5206
13	R	5206
13	J	5211
12	R	5211
12	J	5216
10	R	5216
11	J	5221
10	J	5221
11	R	5221
11	W	5221
9	R	5221
9	J	5226
16	R	5226
16	J	5231
15	R	5231
15	J	5236
14	R	5236
14	J	5241
13	R	5241
13	J	5246
12	R	5246
12	J	5251
10	R	5251
8	J	5256
10	J	5256
8	R	5256
8	W	5256
9	R	5256
9	J	5261
16	R	5261
16	J	5266
15	R	5266
15	J	5271
14	R	5271
14	J	5276
13	R	5276
13	J	5281
12	R	5281
12	J	5286
10	R	5286
10	J	5291
9	R	5291
9	J	5296
16	R	5296
16	J	5301
15	R	5301
15	J	5306
14	R	5306
14	J	5311
13	R	5311
13	J	5316
12	R	5316
12	J	5321
10	R	5321
11	J	5326
10	J	5326
11	R	5326
11	W	5326
9	R	5326
9	J	5331
16	R	5331
16	J	5336
15	R	5336
15	J	5341
14	R	5341
14	J	5346
13	R	5346
13	J	5351
12	R	5351
12	J	5356
10	R	5356
8	J	5361
10	J	5361
8	R	5361
8	J	5370
9	R	5370
9	J	5375
16	R	5375
16	J	5380
15	R	5380
15	J	5385
14	R	5385
14	J	5390
13	R	5390
13	J	5395
12	R	5395
12	J	5400
10	R	5400
10	J	5405
9	R	5405
9	J	5410
8	R	5410
8	J	5415
16	R	5415
16	J	5420
15	R	5420
15	J	5425
14	R	5425
11	J	5430
14	J	5430
11	R	5430
11	W	5430
13	R	5430
13	J	5435
12	R	5435
12	J	5440
10	R	5440
10	J	5445
9	R	5445
9	J	5450
8	R	5450
8	J	5455
16	R	5455
16	J	5460
15	R	5460
15	J	5465
14	R	5465
14	J	5470
13	R	5470
13	J	5475
12	R	5475
12	J	5480
10	R	5480
10	J	5485
9	R	5485
9	J	5490
8	R	5490
8	J	5495
16	R	5495
16	J	5500
15	R	5500
15	J	5505
14	R	5505
14	J	5510
13	R	5510
13	J	5515
12	R	5515
12	J	5520
10	R	5520
10	J	5525
9	R	5525
9	J	5530
8	R	5530
11	J	5535
8	J	5535
11	R	5535
11	W	5535
16	R	5535
16	J	5540
15	R	5540
15	J	5545
14	R	5545
14	J	5550
13	R	5550
13	J	5555
12	R	5555
12	J	5560
10	R	5560
10	J	5565
9	R	5565
9	J	5570
8	R	5570
8	J	5575
16	R	5575
16	J	5580
15	R	5580
15	J	5585
14	R	5585
14	J	5590
13	R	5590
13	J	5595
12	R	5595
12	J	5600
10	R	5600
10	J	5605
9	R	5605
9	J	5610
8	R	5610
8	J	5615
16	R	5615
16	J	5620
15	R	5620
15	J	5625
14	R	5625
14	J	5630
13	R	5630
13	J	5635
12	R	5635
11	J	5640
12	J	5640
11	R	5640
11	J	5649
10	R	5649
10	J	5654
9	R	5654
9	J	5659
8	R	5659
8	J	5664
16	R	5664
16	J	5669
15	R	5669
15	J	5674
14	R	5674
14	J	5679
13	R	5679
13	J	5684
12	R	5684
12	J	5689
11	R	5689
11	J	5694
10	R	5694
10	J	5699
9	R	5699
9	J	5704
8	R	5704
8	J	5709
16	R	5709
16	J	5714
15	R	5714
15	J	5719
14	R	5719
14	J	5724
13	R	5724
13	J	5729
12	R	5729
12	J	5734
11	R	5734
11	J	5739
10	R	5739
10	J	5744
9	R	5744
9	J	5749
8	R	5749
8	J	5754
16	R	5754
16	J	5759
15	R	5759
15	J	5764
14	R	5764
14	J	5769
13	R	5769
13	J	5774
12	R	5774
12	W	5774
11	R	5774
11	J	5779
10	R	5779
10	J	5784
9	R	5784
9	W	5785
8	R	5785
8	J	5790
16	R	5790
16	J	5795
15	R	5795
15	J	5800
14	R	5800
14	J	5805
13	R	5805
13	J	5810
11	R	5810
11	J	5815
10	R	5815
10	J	5820
8	R	5820
8	J	5825
16	R	5825
16	J	5830
15	R	5830
15	J	5835
14	R	5835
14	J	5840
13	R	5840
13	J	5845
11	R	5845
11	J	5850
10	R	5850
10	J	5855
8	R	5855
8	J	5860
16	R	5860
16	J	5865
15	R	5865
15	J	5870
14	R	5870
12	J	5875
14	J	5875
12	R	5875
12	W	5875
13	R	5875
13	J	5880
11	R	5880
11	J	5885
10	R	5885
9	J	5890
10	J	5890
9	R	5890
9	W	5890
8	R	5890
8	J	5895
16	R	5895
16	J	5900
15	R	5900
15	J	5905
14	R	5905
14	J	5910
13	R	5910
13	J	5915
11	R	5915
11	J	5920
10	R	5920
10	J	5925
8	R	5925
8	J	5930
16	R	5930
16	J	5935
15	R	5935
15	J	5940
14	R	5940
14	J	5945
13	R	5945
13	J	5950
11	R	5950
11	J	5955
10	R	5955
10	J	5960
8	R	5960
8	J	5965
16	R	5965
16	J	5970
15	R	5970
15	J	5975
14	R	5975
12	J	5980
14	J	5980
12	R	5980
12	W	5980
13	R	5980
13	J	5985
11	R	5985
11	J	5990
10	R	5990
9	J	5995
10	J	5995
9	R	5995
9	W	5995
8	R	5995
8	J	6000
16	R	6000
16	J	6005
15	R	6005
15	J	6010
14	R	6010
14	J	6015
13	R	6015
13	J	6020
11	R	6020
11	J	6025
10	R	6025
10	J	6030
8	R	6030
8	J	6035
16	R	6035
16	J	6040
15	R	6040
15	J	6045
14	R	6045
14	J	6050
13	R	6050
13	J	6055
11	R	6055
11	J	6060
10	R	6060
10	J	6065
8	R	6065
8	J	6070
16	R	6070
16	J	6075
15	R	6075
3	J	6080
15	J	6080
3	R	6080
3	W	6083
12	J	6083
12	R	6083
12	W	6083
14	R	6083
14	J	6088
13	R	6088
13	J	6093
11	R	6093
9	J	6098
11	J	6098
9	R	6098
9	W	6098
10	R	6098
10	J	6103
8	R	6103
8	W	6104
16	R	6104
16	J	6109
15	R	6109
15	J	6114
14	R	6114
14	J	6119
13	R	6119
13	J	6124
11	R	6124
11	J	6129
10	R	6129
10	J	6134
16	R	6134
16	J	6139
15	R	6139
15	J	6144
14	R	6144
14	J	6149
13	R	6149
13	J	6154
11	R	6154
11	J	6159
10	R	6159
10	J	6164
16	R	6164
16	J	6169
15	R	6169
15	J	6174
14	R	6174
14	J	6179
13	R	6179
12	J	6184
13	J	6184
12	R	6184
12	W	6184
11	R	6184
11	J	6189
10	R	6189
10	J	6194
16	R	6194
9	J	6199
16	J	6199
9	R	6199
9	W	6199
15	R	6199
15	J	6204
14	R	6204
8	J	6209
14	J	6209
8	R	6209
8	W	6209
13	R	6209
13	J	6214
11	R	6214
11	J	6219
10	R	6219
10	J	6224
16	R	6224
16	J	6229
15	R	6229
15	J	6234
14	R	6234
14	J	6239
13	R	6239
13	J	6244
11	R	6244
11	J	6249
10	R	6249
10	J	6254
16	R	6254
16	J	6259
15	R	6259
15	J	6264
14	R	6264
14	J	6269
13	R	6269
13	J	6274
11	R	6274
11	J	6279
10	R	6279
10	J	6284
16	R	6284
12	J	6289
16	J	6289
12	R	6289
12	J	6298
15	R	6298
9	J	6303
15	J	6303
9	R	6303
9	W	6303
14	R	6303
14	J	6308
13	R	6308
8	J	6313
13	J	6313
8	R	6313
8	W	6313
11	R	6313
11	J	6318
10	R	6318
10	J	6323
16	R	6323
16	J	6328
15	R	6328
15	J	6333
14	R	6333
14	J	6338
13	R	6338
13	J	6343
12	R	6343
12	J	6348
11	R	6348
11	J	6353
10	R	6353
10	J	6358
16	R	6358
16	J	6363
15	R	6363
15	J	6368
14	R	6368
14	J	6373
13	R	6373
13	J	6378
12	R	6378
12	J	6383
11	R	6383
11	J	6388
10	R	6388
10	J	6393
16	R	6393
16	J	6398
15	R	6398
15	J	6403
14	R	6403
9	J	6408
14	J	6408
9	R	6408
9	W	6408
13	R	6408
13	J	6413
12	R	6413
8	J	6418
12	J	6418
8	R	6418
8	W	6418
11	R	6418
11	J	6423
10	R	6423
10	J	6428
16	R	6428
16	J	6433
15	R	6433
15	J	6438
14	R	6438
14	J	6443
13	R	6443
13	W	6443
12	R	6443
12	J	6448
11	R	6448
11	J	6453
10	R	6453
10	J	6458
16	R	6458
16	J	6463
15	R	6463
15	J	6468
14	R	6468
14	J	6473
12	R	6473
12	J	6478
11	R	6478
11	J	6483
10	R	6483
10	J	6488
16	R	6488
16	J	6493
15	R	6493
15	J	6498
14	R	6498
14	J	6503
12	R	6503
12	J	6508
11	R	6508
9	J	6513
11	J	6513
9	R	6513
9	W	6513
10	R	6513
10	J	6518
16	R	6518
8	J	6523
16	J	6523
8	R	6523
8	W	6523
15	R	6523
15	J	6528
14	R	6528
14	J	6533
12	R	6533
12	J	6538
11	R	6538
11	J	6543
10	R	6543
13	J	6548
10	J	6548
13	R	6548
13	W	6548
16	R	6548
16	J	6553
15	R	6553
15	J	6558
14	R	6558
14	J	6563
12	R	6563
12	J	6568
11	R	6568
11	J	6573
10	R	6573
10	J	6578
16	R	6578
16	J	6583
15	R	6583
15	J	6588
14	R	6588
14	J	6593
12	R	6593
12	J	6598
11	R	6598
11	J	6603
10	R	6603
10	J	6608
16	R	6608
16	J	6613
15	R	6613
9	J	6618
15	J	6618
9	R	6618
8	J	6627
9	J	6627
8	R	6627
8	W	6627
14	R	6627
14	J	6632
12	R	6632
12	J	6637
11	R	6637
11	J	6642
10	R	6642
10	J	6647
16	R	6647
13	J	6652
16	J	6652
13	R	6652
13	W	6652
15	R	6652
15	J	6657
14	R	6657
14	J	6662
12	R	6662
12	J	6667
11	R	6667
11	J	6672
10	R	6672
10	J	6677
9	R	6677
9	J	6682
16	R	6682
16	J	6687
15	R	6687
15	J	6692
14	R	6692
14	J	6697
12	R	6697
12	J	6702
11	R	6702
11	J	6707
10	R	6707
10	J	6712
9	R	6712
9	J	6717
16	R	6717
16	J	6722
15	R	6722
15	J	6727
14	R	6727
8	J	6732
14	J	6732
8	R	6732
8	W	6732
12	R	6732
12	J	6737
11	R	6737
11	J	6742
10	R	6742
10	J	6747
9	R	6747
9	J	6752
16	R	6752
13	J	6757
16	J	6757
13	R	6757
13	W	6757
15	R	6757
15	J	6762
14	R	6762
14	J	6767
12	R	6767
12	J	6772
11	R	6772
11	J	6777
10	R	6777
10	J	6782
9	R	6782
9	J	6787
16	R	6787
16	J	6792
15	R	6792
15	J	6797
14	R	6797
14	J	6802
12	R	6802
12	J	6807
11	R	6807
11	J	6812
10	R	6812
10	J	6817
9	R	6817
9	J	6822
16	R	6822
16	J	6827
15	R	6827
15	J	6832
14	R	6832
8	J	6837
14	J	6837
8	R	6837
8	W	6837
12	R	6837
12	J	6842
11	R	6842
11	J	6847
10	R	6847
10	J	6852
9	R	6852
9	J	6857
16	R	6857
13	J	6862
16	J	6862
13	R	6862
13	J	6871
15	R	6871
15	J	6876
14	R	6876
14	J	6881
12	R	6881
12	J	6886
11	R	6886
11	J	6891
10	R	6891
10	J	6896
9	R	6896
9	J	6901
16	R	6901
16	J	6906
15	R	6906
15	J	6911
14	R	6911
14	J	6916
13	R	6916
13	J	6921
12	R	6921
12	J	6926
11	R	6926
11	J	6931
10	R	6931
10	J	6936
9	R	6936
8	J	6941
9	J	6941
8	R	6941
8	W	6941
16	R	6941
16	J	6946
15	R	6946
15	J	6951
14	R	6951
14	J	6956
13	R	6956
13	J	6961
12	R	6961
12	J	6966
11	R	6966
11	J	6971
10	R	6971
10	J	6976
9	R	6976
9	J	6981
16	R	6981
16	J	6986
15	R	6986
15	J	6991
14	R	6991
14	J	6996
13	R	6996
13	J	7001
12	R	7001
12	J	7006
11	R	7006
11	J	7011
10	R	7011
10	J	7016
9	R	7016
9	J	7021
16	R	7021
16	J	7026
15	R	7026
15	J	7031
14	R	7031
14	J	7036
13	R	7036
13	J	7041
12	R	7041
8	J	7046
12	J	7046
8	R	7046
8	E	7046
7	J	7046
7	R	7046
7	W	7047
11	R	7047
11	J	7052
10	R	7052
10	J	7057
9	R	7057
9	J	7062
16	R	7062
16	J	7067
15	R	7067
15	J	7072
14	R	7072
14	J	7077
13	R	7077
13	J	7082
12	R	7082
12	J	7087
11	R	7087
11	J	7092
10	R	7092
10	J	7097
9	R	7097
9	J	7102
16	R	7102
16	J	7107
15	R	7107
15	J	7112
14	R	7112
14	J	7117
13	R	7117
13	J	7122
12	R	7122
12	J	7127
11	R	7127
11	J	7132
10	R	7132
10	W	7133
9	R	7133
9	J	7138
16	R	7138
16	J	7143
15	R	7143
15	J	7148
14	R	7148
14	W	7148
13	R	7148
13	J	7153
12	R	7153
12	J	7158
11	R	7158
11	J	7163
9	R	7163
9	J	7168
16	R	7168
16	J	7173
15	R	7173
15	J	7178
13	R	7178
13	J	7183
12	R	7183
12	J	7188
11	R	7188
11	J	7193
9	R	7193
9	J	7198
16	R	7198
16	J	7203
15	R	7203
15	J	7208
13	R	7208
13	J	7213
12	R	7213
12	J	7218
11	R	7218
11	J	7223
9	R	7223
9	J	7228
16	R	7228
16	J	7233
15	R	7233
10	J	7238
15	J	7238
10	R	7238
10	W	7238
13	R	7238
13	J	7243
12	R	7243
12	J	7248
11	R	7248
14	J	7253
11	J	7253
14	R	7253
14	W	7253
9	R	7253
9	J	7258
16	R	7258
16	J	7263
15	R	7263
15	J	7268
13	R	7268
13	J	7273
12	R	7273
12	J	7278
11	R	7278
11	J	7283
9	R	7283
9	J	7288
16	R	7288
16	J	7293
15	R	7293
15	J	7298
13	R	7298
13	J	7303
12	R	7303
12	J	7308
11	R	7308
11	J	7313
9	R	7313
9	J	7318
16	R	7318
16	J	7323
15	R	7323
15	J	7328
13	R	7328
13	J	7333
12	R	7333
12	J	7338
11	R	7338
10	J	7343
11	J	7343
10	R	7343
10	W	7343
9	R	7343
9	J	7348
16	R	7348
16	J	7353
15	R	7353
14	J	7358
15	J	7358
14	R	7358
14	W	7358
13	R	7358
13	J	7363
12	R	7363
12	J	7368
11	R	7368
11	J	7373
9	R	7373
9	J	7378
16	R	7378
16	J	7383
15	R	7383
15	J	7388
13	R	7388
13	J	7393
12	R	7393
12	J	7398
11	R	7398
11	J	7403
9	R	7403
9	J	7408
16	R	7408
16	J	7413
15	R	7413
15	J	7418
13	R	7418
13	J	7423
12	R	7423
12	J	7428
11	R	7428
11	J	7433
9	R	7433
9	J	7438
16	R	7438
16	J	7443
15	R	7443
10	J	7448
15	J	7448
10	R	7448
10	W	7448
13	R	7448
13	J	7453
12	R	7453
12	J	7458
11	R	7458
14	J	7463
11	J	7463
14	R	7463
14	J	7472
9	R	7472
9	J	7477
16	R	7477
16	J	7482
15	R	7482
15	J	7487
14	R	7487
14	J	7492
13	R	7492
13	J	7497
12	R	7497
12	J	7502
11	R	7502
11	J	7507
9	R	7507
9	J	7512
16	R	7512
16	J	7517
15	R	7517
15	J	7522
14	R	7522
14	J	7527
13	R	7527
13	J	7532
12	R	7532
12	J	7537
11	R	7537
11	J	7542
9	R	7542
9	J	7547
16	R	7547
10	J	7552
16	J	7552
10	R	7552
10	W	7552
15	R	7552
15	J	7557
14	R	7557
14	J	7562
13	R	7562
13	J	7567
12	R	7567
12	J	7572
11	R	7572
11	J	7577
9	R	7577
9	J	7582
16	R	7582
16	J	7587
15	R	7587
15	J	7592
14	R	7592
14	J	7597
13	R	7597
13	J	7602
12	R	7602
12	J	7607
11	R	7607
11	J	7612
9	R	7612
9	J	7617
16	R	7617
16	J	7622
15	R	7622
15	J	7627
14	R	7627
14	J	7632
13	R	7632
13	J	7637
12	R	7637
12	J	7642
11	R	7642
11	J	7647
9	R	7647
9	J	7652
16	R	7652
10	J	7657
16	J	7657
10	R	7657
10	W	7657
15	R	7657
15	J	7662
14	R	7662
14	J	7667
13	R	7667
13	J	7672
12	R	7672
12	J	7677
11	R	7677
11	J	7682
9	R	7682
9	J	7687
16	R	7687
16	J	7692
15	R	7692
15	J	7697
14	R	7697
14	J	7702
13	R	7702
13	J	7707
12	R	7707
12	J	7712
11	R	7712
11	J	7717
9	R	7717
9	J	7722
16	R	7722
16	J	7727
15	R	7727
15	J	7732
14	R	7732
14	J	7737
13	R	7737
13	J	7742
12	R	7742
12	J	7747
11	R	7747
11	J	7752
9	R	7752
9	J	7757
16	R	7757
10	J	7762
16	J	7762
10	R	7762
10	W	7762
15	R	7762
15	J	7767
14	R	7767
14	J	7772
13	R	7772
13	J	7777
12	R	7777
12	J	7782
11	R	7782
11	J	7787
9	R	7787
9	J	7792
16	R	7792
16	J	7797
15	R	7797
15	W	7797
14	R	7797
14	J	7802
13	R	7802
13	J	7807
12	R	7807
12	J	7812
11	R	7812
11	J	7817
9	R	7817
9	J	7822
16	R	7822
16	J	7827
14	R	7827
14	J	7832
13	R	7832
13	J	7837
12	R	7837
12	J	7842
11	R	7842
11	J	7847
9	R	7847
9	J	7852
16	R	7852
16	J	7857
14	R	7857
14	J	7862
13	R	7862
10	J	7867
13	J	7867
10	R	7867
10	J	7876
12	R	7876
12	J	7881
11	R	7881
11	J	7886
9	R	7886
9	J	7891
16	R	7891
16	J	7896
14	R	7896
15	J	7901
14	J	7901
15	R	7901
15	W	7901
13	R	7901
13	J	7906
12	R	7906
12	J	7911
11	R	7911
11	J	7916
10	R	7916
10	J	7921
9	R	7921
9	J	7926
16	R	7926
16	J	7931
14	R	7931
14	J	7936
13	R	7936
13	J	7941
12	R	7941
12	J	7946
11	R	7946
11	J	7951
10	R	7951
10	J	7956
9	R	7956
9	J	7961
16	R	7961
16	J	7966
14	R	7966
14	J	7971
13	R	7971
13	J	7976
12	R	7976
12	J	7981
11	R	7981
11	J	7986
10	R	7986
10	J	7991
9	R	7991
9	W	7992
16	R	7992
16	J	7997
14	R	7997
15	J	8002
14	J	8002
15	R	8002
15	J	8011
13	R	8011
13	J	8016
12	R	8016
12	J	8021
11	R	8021
11	J	8026
10	R	8026
10	J	8031
16	R	8031
16	J	8036
15	R	8036
15	J	8041
14	R	8041
14	J	8046
13	R	8046
13	J	8051
12	R	8051
12	J	8056
11	R	8056
11	J	8061
10	R	8061
10	J	8066
16	R	8066
16	J	8071
15	R	8071
15	J	8076
14	R	8076
14	J	8081
13	R	8081
13	J	8086
12	R	8086
12	J	8091
11	R	8091
9	J	8096
11	J	8096
9	R	8096
9	W	8096
10	R	8096
10	J	8101
16	R	8101
16	J	8106
15	R	8106
15	J	8111
14	R	8111
14	J	8116
13	R	8116
13	J	8121
12	R	8121
12	J	8126
11	R	8126
11	J	8131
10	R	8131
10	J	8136
16	R	8136
16	J	8141
15	R	8141
15	J	8146
14	R	8146
14	J	8151
13	R	8151
13	J	8156
12	R	8156
12	J	8161
11	R	8161
11	J	8166
10	R	8166
10	J	8171
16	R	8171
16	J	8176
15	R	8176
15	J	8181
14	R	8181
14	J	8186
13	R	8186
13	J	8191
12	R	8191
12	J	8196
11	R	8196
9	J	8201
11	J	8201
9	R	8201
9	W	8201
10	R	8201
10	J	8206
16	R	8206
16	J	8211
15	R	8211
15	J	8216
14	R	8216
14	J	8221
13	R	8221
13	J	8226
12	R	8226
12	J	8231
11	R	8231
11	J	8236
10	R	8236
10	J	8241
16	R	8241
16	J	8246
15	R	8246
15	J	8251
14	R	8251
14	J	8256
13	R	8256
13	J	8261
12	R	8261
12	J	8266
11	R	8266
11	J	8271
10	R	8271
10	J	8276
16	R	8276
16	J	8281
15	R	8281
15	J	8286
14	R	8286
14	J	8291
13	R	8291
13	J	8296
12	R	8296
12	J	8301
11	R	8301
9	J	8306
11	J	8306
9	R	8306
9	W	8306
10	R	8306
10	J	8311
16	R	8311
16	J	8316
15	R	8316
15	J	8321
14	R	8321
14	J	8326
13	R	8326
13	J	8331
12	R	8331
12	J	8336
11	R	8336
11	J	8341
10	R	8341
10	J	8346
16	R	8346
16	J	8351
15	R	8351
15	J	8356
14	R	8356
14	J	8361
13	R	8361
13	J	8366
12	R	8366
12	J	8371
11	R	8371
11	W	8372
10	R	8372
10	J	8377
16	R	8377
16	J	8382
15	R	8382
15	J	8387
14	R	8387
14	J	8392
13	R	8392
13	J	8397
12	R	8397
12	J	8402
10	R	8402
9	J	8407
10	J	8407
9	R	8407
9	W	8407
16	R	8407
16	J	8412
15	R	8412
15	J	8417
14	R	8417
14	J	8422
13	R	8422
13	J	8427
12	R	8427
12	J	8432
10	R	8432
10	J	8437
16	R	8437
16	J	8442
15	R	8442
15	J	8447
14	R	8447
14	J	8452
13	R	8452
13	J	8457
12	R	8457
12	J	8462
10	R	8462
10	J	8467
16	R	8467
16	J	8472
15	R	8472
11	J	8477
15	J	8477
11	R	8477
11	W	8477
14	R	8477
14	J	8482
13	R	8482
13	J	8487
12	R	8487
12	J	8492
10	R	8492
10	J	8497
16	R	8497
16	W	8497
15	R	8497
15	J	8502
14	R	8502
14	J	8507
13	R	8507
9	J	8512
13	J	8512
9	R	8512
9	W	8512
12	R	8512
12	J	8517
10	R	8517
10	J	8522
15	R	8522
15	J	8527
14	R	8527
14	J	8532
13	R	8532
13	J	8537
12	R	8537
12	J	8542
10	R	8542
10	J	8547
15	R	8547
15	J	8552
14	R	8552
14	J	8557
13	R	8557
13	J	8562
12	R	8562
12	J	8567
10	R	8567
10	J	8572
15	R	8572
15	J	8577
14	R	8577
11	J	8582
14	J	8582
11	R	8582
11	W	8582
13	R	8582
13	J	8587
12	R	8587
12	J	8592
10	R	8592
10	J	8597
15	R	8597
16	J	8602
15	J	8602
16	R	8602
16	J	8611
14	R	8611
9	J	8616
14	J	8616
9	R	8616
9	W	8616
13	R	8616
13	J	8621
12	R	8621
12	J	8626
10	R	8626
10	J	8631
16	R	8631
16	J	8636
15	R	8636
15	J	8641
14	R	8641
14	J	8646
13	R	8646
13	J	8651
12	R	8651
12	J	8656
10	R	8656
10	J	8661
16	R	8661
16	J	8666
15	R	8666
15	J	8671
14	R	8671
14	J	8676
13	R	8676
13	J	8681
12	R	8681
11	J	8686
12	J	8686
11	R	8686
11	W	8686
10	R	8686
10	J	8691
16	R	8691
16	J	8696
15	R	8696
15	J	8701
14	R	8701
14	J	8706
13	R	8706
13	J	8711
12	R	8711
12	J	8716
10	R	8716
9	J	8721
10	J	8721
9	R	8721
9	W	8721
16	R	8721
16	J	8726
15	R	8726
15	J	8731
14	R	8731
14	J	8736
13	R	8736
13	J	8741
12	R	8741
12	J	8746
10	R	8746
10	J	8751
16	R	8751
16	J	8756
15	R	8756
15	J	8761
14	R	8761
14	J	8766
13	R	8766
13	J	8771
12	R	8771
12	J	8776
10	R	8776
10	J	8781
16	R	8781
16	J	8786
15	R	8786
11	J	8791
15	J	8791
11	R	8791
11	W	8791
14	R	8791
14	J	8796
13	R	8796
13	J	8801
12	R	8801
12	J	8806
10	R	8806
10	J	8811
16	R	8811
16	J	8816
15	R	8816
15	J	8821
14	R	8821
9	J	8826
14	J	8826
9	R	8826
9	E	8826
7	J	8826
7	R	8826
7	W	8827
13	R	8827
13	J	8832
12	R	8832
12	J	8837
10	R	8837
10	J	8842
16	R	8842
16	J	8847
15	R	8847
15	J	8852
14	R	8852
14	J	8857
13	R	8857
13	J	8862
12	R	8862
12	J	8867
10	R	8867
10	J	8872
16	R	8872
16	J	8877
15	R	8877
15	J	8882
14	R	8882
14	J	8887
13	R	8887
11	J	8892
13	J	8892
11	R	8892
11	W	8892
12	R	8892
12	J	8897
10	R	8897
10	J	8902
16	R	8902
16	J	8907
15	R	8907
15	J	8912
14	R	8912
14	J	8917
13	R	8917
13	J	8922
12	R	8922
12	J	8927
10	R	8927
10	J	8932
16	R	8932
16	J	8937
15	R	8937
15	J	8942
14	R	8942
14	J	8947
13	R	8947
13	J	8952
12	R	8952
12	J	8957
10	R	8957
10	J	8962
16	R	8962
16	J	8967
15	R	8967
15	J	8972
14	R	8972
14	J	8977
13	R	8977
13	J	8982
12	R	8982
12	J	8987
10	R	8987
10	J	8992
16	R	8992
11	J	8997
16	J	8997
11	R	8997
11	J	9006
15	R	9006
15	J	9011
14	R	9011
14	J	9016
13	R	9016
13	J	9021
12	R	9021
12	J	9026
10	R	9026
10	J	9031
16	R	9031
16	J	9036
15	R	9036
15	J	9041
14	R	9041
14	J	9046
13	R	9046
13	J	9051
12	R	9051
12	J	9056
11	R	9056
11	J	9061
10	R	9061
10	J	9066
16	R	9066
16	J	9071
15	R	9071
15	J	9076
14	R	9076
3	J	9081
14	J	9081
3	R	9081
3	W	9084
13	R	9084
13	J	9089
12	R	9089
12	J	9094
11	R	9094
11	J	9099
10	R	9099
10	J	9104
16	R	9104
16	J	9109
15	R	9109
15	J	9114
14	R	9114
14	J	9119
13	R	9119
13	J	9124
12	R	9124
12	J	9129
11	R	9129
11	J	9134
10	R	9134
10	J	9139
16	R	9139
16	J	9144
15	R	9144
15	J	9149
14	R	9149
14	J	9154
13	R	9154
13	J	9159
12	R	9159
12	J	9164
11	R	9164
11	J	9169
10	R	9169
10	J	9174
16	R	9174
16	J	9179
15	R	9179
15	J	9184
14	R	9184
14	J	9189
13	R	9189
13	J	9194
12	R	9194
12	J	9199
11	R	9199
11	J	9204
10	R	9204
10	J	9209
16	R	9209
16	J	9214
15	R	9214
15	J	9219
14	R	9219
14	J	9224
13	R	9224
13	J	9229
12	R	9229
12	J	9234
11	R	9234
11	J	9239
10	R	9239
10	J	9244
16	R	9244
16	J	9249
15	R	9249
15	J	9254
14	R	9254
14	J	9259
13	R	9259
13	J	9264
12	R	9264
12	J	9269
11	R	9269
11	J	9274
10	R	9274
10	J	9279
16	R	9279
16	J	9284
15	R	9284
15	J	9289
14	R	9289
14	J	9294
13	R	9294
13	J	9299
12	R	9299
12	J	9304
11	R	9304
11	J	9309
10	R	9309
10	J	9314
16	R	9314
16	J	9319
15	R	9319
15	J	9324
14	R	9324
14	J	9329
13	R	9329
13	J	9334
12	R	9334
12	J	9339
11	R	9339
11	J	9344
10	R	9344
10	J	9349
16	R	9349
16	J	9354
15	R	9354
15	J	9359
14	R	9359
14	J	9364
13	R	9364
13	J	9369
12	R	9369
12	J	9374
11	R	9374
11	J	9379
10	R	9379
10	J	9384
16	R	9384
16	J	9389
15	R	9389
15	J	9394
14	R	9394
14	J	9399
13	R	9399
13	J	9404
12	R	9404
12	J	9409
11	R	9409
11	J	9414
10	R	9414
10	J	9419
16	R	9419
16	J	9424
15	R	9424
15	J	9429
14	R	9429
14	J	9434
13	R	9434
13	J	9439
12	R	9439
12	J	9444
11	R	9444
11	J	9449
10	R	9449
10	J	9454
16	R	9454
16	J	9459
15	R	9459
15	J	9464
14	R	9464
14	J	9469
13	R	9469
13	J	9474
12	R	9474
12	J	9479
11	R	9479
11	J	9484
10	R	9484
10	J	9489
16	R	9489
16	J	9494
15	R	9494
15	J	9499
14	R	9499
14	J	9504
13	R	9504
13	J	9509
12	R	9509
12	J	9514
11	R	9514
11	J	9519
10	R	9519
10	J	9524
16	R	9524
16	J	9529
15	R	9529
15	J	9534
14	R	9534
14	J	9539
13	R	9539
13	J	9544
12	R	9544
12	J	9549
11	R	9549
11	J	9554
10	R	9554
10	J	9559
16	R	9559
16	J	9564
15	R	9564
15	J	9569
14	R	9569
14	J	9574
13	R	9574
13	J	9579
12	R	9579
12	J	9584
11	R	9584
11	J	9589
10	R	9589
10	J	9594
16	R	9594
16	J	9599
15	R	9599
15	J	9604
14	R	9604
14	J	9609
13	R	9609
13	J	9614
12	R	9614
12	W	9615
11	R	9615
11	J	9620
10	R	9620
10	J	9625
16	R	9625
16	J	9630
15	R	9630
15	J	9635
14	R	9635
14	J	9640
13	R	9640
13	J	9645
11	R	9645
11	J	9650
10	R	9650
10	J	9655
16	R	9655
16	J	9660
15	R	9660
15	J	9665
14	R	9665
14	J	9670
13	R	9670
13	J	9675
11	R	9675
11	J	9680
10	R	9680
10	J	9685
16	R	9685
16	J	9690
15	R	9690
15	J	9695
14	R	9695
14	J	9700
13	R	9700
13	J	9705
11	R	9705
11	J	9710
10	R	9710
10	J	9715
16	R	9715
12	J	9720
16	J	9720
12	R	9720
12	W	9720
15	R	9720
15	J	9725
14	R	9725
14	J	9730
13	R	9730
13	J	9735
11	R	9735
11	J	9740
10	R	9740
10	J	9745
16	R	9745
16	J	9750
15	R	9750
15	J	9755
14	R	9755
14	J	9760
13	R	9760
13	J	9765
11	R	9765
11	J	9770
10	R	9770
10	J	9775
16	R	9775
16	J	9780
15	R	9780
15	J	9785
14	R	9785
14	J	9790
13	R	9790
13	J	9795
11	R	9795
11	J	9800
10	R	9800
10	W	9801
16	R	9801
16	J	9806
15	R	9806
15	J	9811
14	R	9811
14	J	9816
13	R	9816
12	J	9821
13	J	9821
12	R	9821
12	W	9821
11	R	9821
11	J	9826
16	R	9826
16	J	9831
15	R	9831
15	J	9836
14	R	9836
14	J	9841
13	R	9841
13	J	9846
11	R	9846
11	J	9851
16	R	9851
16	J	9856
15	R	9856
15	J	9861
14	R	9861
14	J	9866
13	R	9866
13	J	9871
11	R	9871
11	J	9876
16	R	9876
16	J	9881
15	R	9881
15	J	9886
14	R	9886
14	J	9891
13	R	9891
13	J	9896
11	R	9896
11	J	9901
16	R	9901
10	J	9906
16	J	9906
10	R	9906
10	W	9906
15	R	9906
15	J	9911
14	R	9911
14	J	9916
13	R	9916
13	J	9921
11	R	9921
12	J	9926
11	J	9926
12	R	9926
12	W	9926
16	R	9926
16	J	9931
15	R	9931
15	J	9936
14	R	9936
14	J	9941
13	R	9941
13	J	9946
11	R	9946
11	J	9951
16	R	9951
16	J	9956
15	R	9956
15	J	9961
14	R	9961
14	J	9966
13	R	9966
13	J	9971
11	R	9971
11	J	9976
16	R	9976
16	J	9981
15	R	9981
15	J	9986
14	R	9986
14	J	9991
13	R	9991
13	J	9996
11	R	9996
11	J	10001
16	R	10001
16	J	10006
15	R	10006
10	J	10011
15	J	10011
10	R	10011
10	W	10011
14	R	10011
14	J	10016
13	R	10016
13	J	10021
11	R	10021
11	J	10026
16	R	10026
12	J	10031
16	J	10031
12	R	10031
12	W	10031
15	R	10031
15	J	10036
14	R	10036
14	J	10041
13	R	10041
13	J	10046
11	R	10046
11	J	10051
16	R	10051
16	J	10056
15	R	10056
15	J	10061
14	R	10061
14	J	10066
13	R	10066
13	J	10071
11	R	10071
11	J	10076
16	R	10076
16	J	10081
15	R	10081
15	J	10086
14	R	10086
14	J	10091
13	R	10091
13	J	10096
11	R	10096
11	J	10101
16	R	10101
16	J	10106
15	R	10106
15	J	10111
14	R	10111
10	J	10116
14	J	10116
10	R	10116
10	W	10116
13	R	10116
13	J	10121
11	R	10121
11	J	10126
16	R	10126
16	J	10131
15	R	10131
12	J	10136
15	J	10136
12	R	10136
12	J	10145
14	R	10145
14	J	10150
13	R	10150
13	J	10155
11	R	10155
11	J	10160
16	R	10160
16	J	10165
15	R	10165
15	J	10170
14	R	10170
14	J	10175
13	R	10175
13	J	10180
12	R	10180
12	J	10185
11	R	10185
11	J	10190
16	R	10190
16	J	10195
15	R	10195
15	J	10200
14	R	10200
14	J	10205
13	R	10205
13	J	10210
12	R	10210
12	J	10215
11	R	10215
10	J	10220
11	J	10220
10	R	10220
10	W	10220
16	R	10220
16	J	10225
15	R	10225
15	J	10230
14	R	10230
14	J	10235
13	R	10235
13	J	10240
12	R	10240
12	J	10245
11	R	10245
11	J	10250
16	R	10250
16	J	10255
15	R	10255
15	J	10260
14	R	10260
14	J	10265
13	R	10265
13	J	10270
12	R	10270
12	J	10275
11	R	10275
11	J	10280
16	R	10280
16	J	10285
15	R	10285
15	J	10290
14	R	10290
14	J	10295
13	R	10295
13	J	10300
12	R	10300
12	J	10305
11	R	10305
11	J	10310
16	R	10310
16	J	10315
15	R	10315
15	J	10320
14	R	10320
10	J	10325
14	J	10325
10	R	10325
10	W	10325
13	R	10325
13	J	10330
12	R	10330
12	J	10335
11	R	10335
11	J	10340
16	R	10340
16	J	10345
15	R	10345
15	J	10350
14	R	10350
14	J	10355
13	R	10355
13	J	10360
12	R	10360
12	J	10365
11	R	10365
11	J	10370
16	R	10370
16	J	10375
15	R	10375
15	J	10380
14	R	10380
14	J	10385
13	R	10385
13	J	10390
12	R	10390
12	J	10395
11	R	10395
11	J	10400
16	R	10400
16	J	10405
15	R	10405
15	J	10410
14	R	10410
14	J	10415
13	R	10415
13	J	10420
12	R	10420
12	J	10425
11	R	10425
10	J	10430
11	J	10430
10	R	10430
10	W	10430
16	R	10430
16	J	10435
15	R	10435
15	J	10440
14	R	10440
14	J	10445
13	R	10445
13	J	10450
12	R	10450
12	J	10455
11	R	10455
11	J	10460
16	R	10460
16	J	10465
15	R	10465
15	J	10470
14	R	10470
14	J	10475
13	R	10475
13	J	10480
12	R	10480
12	J	10485
11	R	10485
11	J	10490
16	R	10490
16	J	10495
15	R	10495
15	J	10500
14	R	10500
14	J	10505
13	R	10505
13	J	10510
12	R	10510
12	J	10515
11	R	10515
11	J	10520
16	R	10520
16	J	10525
15	R	10525
15	J	10530
14	R	10530
10	J	10535
14	J	10535
10	R	10535
10	E	10535
7	J	10535
7	R	10535
7	W	10536
13	R	10536
13	J	10541
12	R	10541
12	J	10546
11	R	10546
11	J	10551
16	R	10551
16	J	10556
15	R	10556
15	J	10561
14	R	10561
14	J	10566
13	R	10566
13	J	10571
12	R	10571
12	J	10576
11	R	10576
11	J	10581
16	R	10581
16	J	10586
15	R	10586
15	J	10591
14	R	10591
14	J	10596
13	R	10596
13	J	10601
12	R	10601
12	J	10606
11	R	10606
11	J	10611
16	R	10611
16	J	10616
15	R	10616
15	J	10621
14	R	10621
14	J	10626
13	R	10626
13	J	10631
12	R	10631
12	J	10636
11	R	10636
11	J	10641
16	R	10641
16	J	10646
15	R	10646
15	J	10651
14	R	10651
14	J	10656
13	R	10656
13	W	10657
12	R	10657
12	J	10662
11	R	10662
11	J	10667
16	R	10667
16	J	10672
15	R	10672
15	J	10677
14	R	10677
14	J	10682
12	R	10682
12	J	10687
11	R	10687
11	J	10692
16	R	10692
16	J	10697
15	R	10697
15	J	10702
14	R	10702
14	J	10707
12	R	10707
12	J	10712
11	R	10712
11	J	10717
16	R	10717
16	J	10722
15	R	10722
15	J	10727
14	R	10727
14	J	10732
12	R	10732
12	J	10737
11	R	10737
11	J	10742
16	R	10742
16	J	10747
15	R	10747
15	J	10752
14	R	10752
14	J	10757
12	R	10757
13	J	10762
12	J	10762
13	R	10762
13	W	10762
11	R	10762
11	J	10767
16	R	10767
16	J	10772
15	R	10772
15	J	10777
14	R	10777
14	J	10782
12	R	10782
12	J	10787
11	R	10787
11	J	10792
16	R	10792
16	J	10797
15	R	10797
15	J	10802
14	R	10802
14	J	10807
12	R	10807
12	J	10812
11	R	10812
11	J	10817
16	R	10817
16	J	10822
15	R	10822
15	J	10827
14	R	10827
14	J	10832
12	R	10832
12	J	10837
11	R	10837
11	J	10842
16	R	10842
16	J	10847
15	R	10847
15	J	10852
14	R	10852
14	J	10857
12	R	10857
12	J	10862
11	R	10862
13	J	10867
11	J	10867
13	R	10867
13	W	10867
16	R	10867
16	J	10872
15	R	10872
15	J	10877
14	R	10877
14	J	10882
12	R	10882
12	J	10887
11	R	10887
11	J	10892
16	R	10892
16	J	10897
15	R	10897
15	J	10902
14	R	10902
14	J	10907
12	R	10907
12	J	10912
11	R	10912
11	J	10917
16	R	10917
16	J	10922
15	R	10922
15	J	10927
14	R	10927
14	J	10932
12	R	10932
12	J	10937
11	R	10937
11	J	10942
16	R	10942
16	J	10947
15	R	10947
15	J	10952
14	R	10952
14	J	10957
12	R	10957
12	J	10962
11	R	10962
11	J	10967
16	R	10967
13	J	10972
16	J	10972
13	R	10972
13	W	10972
15	R	10972
15	J	10977
14	R	10977
14	J	10982
12	R	10982
12	J	10987
11	R	10987
11	J	10992
16	R	10992
16	J	10997
15	R	10997
15	J	11002
14	R	11002
14	J	11007
12	R	11007
12	J	11012
11	R	11012
11	J	11017
16	R	11017
16	J	11022
15	R	11022
15	J	11027
14	R	11027
14	J	11032
12	R	11032
12	J	11037
11	R	11037
11	J	11042
16	R	11042
16	J	11047
15	R	11047
15	J	11052
14	R	11052
14	J	11057
12	R	11057
12	J	11062
11	R	11062
11	J	11067
16	R	11067
16	J	11072
15	R	11072
13	J	11077
15	J	11077
13	R	11077
13	J	11086
14	R	11086
14	J	11091
12	R	11091
12	J	11096
11	R	11096
11	J	11101
16	R	11101
16	J	11106
15	R	11106
15	J	11111
14	R	11111
14	J	11116
13	R	11116
13	J	11121
12	R	11121
12	J	11126
11	R	11126
11	J	11131
16	R	11131
16	J	11136
15	R	11136
15	J	11141
14	R	11141
14	J	11146
13	R	11146
13	J	11151
12	R	11151
12	J	11156
11	R	11156
11	J	11161
16	R	11161
16	J	11166
15	R	11166
15	J	11171
14	R	11171
14	J	11176
13	R	11176
13	J	11181
12	R	11181
12	J	11186
11	R	11186
11	J	11191
16	R	11191
16	J	11196
15	R	11196
15	J	11201
14	R	11201
14	J	11206
13	R	11206
13	J	11211
12	R	11211
12	J	11216
11	R	11216
11	J	11221
16	R	11221
16	J	11226
15	R	11226
15	J	11231
14	R	11231
14	J	11236
13	R	11236
13	J	11241
12	R	11241
12	J	11246
11	R	11246
11	J	11251
16	R	11251
16	J	11256
15	R	11256
15	J	11261
14	R	11261
14	J	11266
13	R	11266
13	J	11271
12	R	11271
12	J	11276
11	R	11276
11	J	11281
16	R	11281
16	J	11286
15	R	11286
15	J	11291
14	R	11291
14	J	11296
13	R	11296
13	J	11301
12	R	11301
12	J	11306
11	R	11306
11	J	11311
16	R	11311
16	J	11316
15	R	11316
15	J	11321
14	R	11321
14	J	11326
13	R	11326
13	J	11331
12	R	11331
12	J	11336
11	R	11336
11	W	11337
16	R	11337
16	J	11342
15	R	11342
15	J	11347
14	R	11347
14	J	11352
13	R	11352
13	J	11357
12	R	11357
12	J	11362
16	R	11362
16	J	11367
15	R	11367
15	J	11372
14	R	11372
14	J	11377
13	R	11377
13	J	11382
12	R	11382
12	J	11387
16	R	11387
16	J	11392
15	R	11392
15	J	11397
14	R	11397
14	J	11402
13	R	11402
13	J	11407
12	R	11407
12	J	11412
16	R	11412
16	J	11417
15	R	11417
15	J	11422
14	R	11422
14	J	11427
13	R	11427
13	J	11432
12	R	11432
12	J	11437
16	R	11437
11	J	11442
16	J	11442
11	R	11442
11	W	11442
15	R	11442
15	J	11447
14	R	11447
14	J	11452
13	R	11452
13	J	11457
12	R	11457
12	J	11462
16	R	11462
16	J	11467
15	R	11467
15	J	11472
14	R	11472
14	J	11477
13	R	11477
13	J	11482
12	R	11482
12	J	11487
16	R	11487
16	J	11492
15	R	11492
15	J	11497
14	R	11497
14	J	11502
13	R	11502
13	J	11507
12	R	11507
12	J	11512
16	R	11512
16	J	11517
15	R	11517
15	J	11522
14	R	11522
14	J	11527
13	R	11527
13	J	11532
12	R	11532
12	J	11537
16	R	11537
16	J	11542
15	R	11542
11	J	11547
15	J	11547
11	R	11547
11	W	11547
14	R	11547
14	J	11552
13	R	11552
13	J	11557
12	R	11557
12	J	11562
16	R	11562
16	J	11567
15	R	11567
15	J	11572
14	R	11572
14	J	11577
13	R	11577
13	J	11582
12	R	11582
12	J	11587
16	R	11587
16	J	11592
15	R	11592
15	J	11597
14	R	11597
14	J	11602
13	R	11602
13	J	11607
12	R	11607
12	J	11612
16	R	11612
16	J	11617
15	R	11617
15	J	11622
14	R	11622
14	W	11623
13	R	11623
13	J	11628
12	R	11628
12	J	11633
16	R	11633
16	J	11638
15	R	11638
15	J	11643
13	R	11643
11	J	11648
13	J	11648
11	R	11648
11	W	11648
12	R	11648
12	J	11653
16	R	11653
16	J	11658
15	R	11658
15	J	11663
13	R	11663
13	J	11668
12	R	11668
12	J	11673
16	R	11673
16	J	11678
15	R	11678
15	J	11683
13	R	11683
13	J	11688
12	R	11688
12	J	11693
16	R	11693
16	J	11698
15	R	11698
15	J	11703
13	R	11703
13	J	11708
12	R	11708
12	J	11713
16	R	11713
16	J	11718
15	R	11718
15	J	11723
13	R	11723
14	J	11728
13	J	11728
14	R	11728
14	W	11728
12	R	11728
12	J	11733
16	R	11733
16	J	11738
15	R	11738
15	J	11743
13	R	11743
13	J	11748
12	R	11748
11	J	11753
12	J	11753
11	R	11753
11	W	11753
16	R	11753
16	J	11758
15	R	11758
15	J	11763
13	R	11763
13	J	11768
12	R	11768
12	J	11773
16	R	11773
16	J	11778
15	R	11778
15	J	11783
13	R	11783
13	J	11788
12	R	11788
12	J	11793
16	R	11793
16	J	11798
15	R	11798
15	J	11803
13	R	11803
13	J	11808
12	R	11808
12	J	11813
16	R	11813
16	J	11818
15	R	11818
15	J	11823
13	R	11823
13	J	11828
12	R	11828
14	J	11833
12	J	11833
14	R	11833
14	W	11833
16	R	11833
16	J	11838
15	R	11838
15	J	11843
13	R	11843
13	J	11848
12	R	11848
12	J	11853
16	R	11853
11	J	11858
16	J	11858
11	R	11858
11	W	11858
15	R	11858
15	J	11863
13	R	11863
13	J	11868
12	R	11868
12	J	11873
16	R	11873
16	J	11878
15	R	11878
15	J	11883
13	R	11883
13	J	11888
12	R	11888
12	J	11893
16	R	11893
16	J	11898
15	R	11898
15	J	11903
13	R	11903
13	J	11908
12	R	11908
12	J	11913
16	R	11913
16	J	11918
15	R	11918
15	J	11923
13	R	11923
13	J	11928
12	R	11928
12	J	11933
16	R	11933
14	J	11938
16	J	11938
14	R	11938
14	J	11947
15	R	11947
15	J	11952
13	R	11952
13	J	11957
12	R	11957
11	J	11962
12	J	11962
11	R	11962
11	E	11962
7	J	11962
7	R	11962
7	W	11963
16	R	11963
16	J	11968
15	R	11968
15	J	11973
14	R	11973
14	J	11978
13	R	11978
13	J	11983
12	R	11983
12	J	11988
16	R	11988
16	J	11993
15	R	11993
15	J	11998
14	R	11998
14	J	12003
13	R	12003
13	J	12008
12	R	12008
12	J	12013
16	R	12013
16	J	12018
15	R	12018
15	J	12023
14	R	12023
14	J	12028
13	R	12028
13	J	12033
12	R	12033
12	J	12038
16	R	12038
16	J	12043
15	R	12043
15	J	12048
14	R	12048
14	J	12053
13	R	12053
13	J	12058
12	R	12058
12	J	12063
16	R	12063
16	J	12068
15	R	12068
15	J	12073
14	R	12073
14	J	12078
13	R	12078
3	J	12083
13	J	12083
3	R	12083
3	W	12086
12	R	12086
12	J	12091
16	R	12091
16	J	12096
15	R	12096
15	J	12101
14	R	12101
14	J	12106
13	R	12106
13	J	12111
12	R	12111
12	J	12116
16	R	12116
16	J	12121
15	R	12121
15	J	12126
14	R	12126
14	J	12131
13	R	12131
13	J	12136
12	R	12136
12	J	12141
16	R	12141
16	J	12146
15	R	12146
15	J	12151
14	R	12151
14	J	12156
13	R	12156
13	J	12161
12	R	12161
12	J	12166
16	R	12166
16	J	12171
15	R	12171
15	J	12176
14	R	12176
14	J	12181
13	R	12181
13	J	12186
12	R	12186
12	J	12191
16	R	12191
16	J	12196
15	R	12196
15	J	12201
14	R	12201
14	J	12206
13	R	12206
13	J	12211
12	R	12211
12	J	12216
16	R	12216
16	J	12221
15	R	12221
15	J	12226
14	R	12226
14	J	12231
13	R	12231
13	J	12236
12	R	12236
12	J	12241
16	R	12241
16	J	12246
15	R	12246
15	J	12251
14	R	12251
14	J	12256
13	R	12256
13	J	12261
12	R	12261
12	J	12266
16	R	12266
16	J	12271
15	R	12271
15	J	12276
14	R	12276
14	J	12281
13	R	12281
13	J	12286
12	R	12286
12	J	12291
16	R	12291
16	J	12296
15	R	12296
15	J	12301
14	R	12301
14	J	12306
13	R	12306
13	J	12311
12	R	12311
12	J	12316
16	R	12316
16	J	12321
15	R	12321
15	J	12326
14	R	12326
14	J	12331
13	R	12331
13	J	12336
12	R	12336
12	J	12341
16	R	12341
16	J	12346
15	R	12346
15	J	12351
14	R	12351
14	J	12356
13	R	12356
13	J	12361
12	R	12361
12	J	12366
16	R	12366
16	J	12371
15	R	12371
15	J	12376
14	R	12376
14	J	12381
13	R	12381
13	J	12386
12	R	12386
12	J	12391
16	R	12391
16	J	12396
15	R	12396
15	J	12401
14	R	12401
14	J	12406
13	R	12406
13	J	12411
12	R	12411
12	J	12416
16	R	12416
16	J	12421
15	R	12421
15	J	12426
14	R	12426
14	J	12431
13	R	12431
13	J	12436
12	R	12436
12	J	12441
16	R	12441
16	J	12446
15	R	12446
15	W	12447
14	R	12447
14	J	12452
13	R	12452
13	J	12457
12	R	12457
12	J	12462
16	R	12462
16	J	12467
14	R	12467
14	J	12472
13	R	12472
13	J	12477
12	R	12477
12	J	12482
16	R	12482
16	J	12487
14	R	12487
14	J	12492
13	R	12492
13	J	12497
12	R	12497
12	J	12502
16	R	12502
16	J	12507
14	R	12507
14	J	12512
13	R	12512
13	J	12517
12	R	12517
12	J	12522
16	R	12522
16	J	12527
14	R	12527
14	J	12532
13	R	12532
13	J	12537
12	R	12537
12	J	12542
16	R	12542
16	J	12547
14	R	12547
15	J	12552
14	J	12552
15	R	12552
15	W	12552
13	R	12552
13	J	12557
12	R	12557
12	J	12562
16	R	12562
16	J	12567
14	R	12567
14	J	12572
13	R	12572
13	J	12577
12	R	12577
12	J	12582
16	R	12582
16	J	12587
14	R	12587
14	J	12592
13	R	12592
13	J	12597
12	R	12597
12	J	12602
16	R	12602
16	J	12607
14	R	12607
14	J	12612
13	R	12612
13	J	12617
12	R	12617
12	J	12622
16	R	12622
16	J	12627
14	R	12627
14	J	12632
13	R	12632
13	J	12637
12	R	12637
12	W	12638
16	R	12638
16	J	12643
14	R	12643
14	J	12648
13	R	12648
15	J	12653
13	J	12653
15	R	12653
15	J	12662
16	R	12662
16	J	12667
15	R	12667
15	J	12672
14	R	12672
14	J	12677
13	R	12677
13	J	12682
16	R	12682
16	J	12687
15	R	12687
15	J	12692
14	R	12692
14	J	12697
13	R	12697
13	J	12702
16	R	12702
16	J	12707
15	R	12707
15	J	12712
14	R	12712
14	J	12717
13	R	12717
13	J	12722
16	R	12722
16	J	12727
15	R	12727
15	J	12732
14	R	12732
14	J	12737
13	R	12737
12	J	12742
13	J	12742
12	R	12742
12	W	12742
16	R	12742
16	J	12747
15	R	12747
15	J	12752
14	R	12752
14	J	12757
13	R	12757
13	J	12762
16	R	12762
16	J	12767
15	R	12767
15	J	12772
14	R	12772
14	J	12777
13	R	12777
13	J	12782
16	R	12782
16	J	12787
15	R	12787
15	J	12792
14	R	12792
14	J	12797
13	R	12797
13	J	12802
16	R	12802
16	J	12807
15	R	12807
15	J	12812
14	R	12812
14	J	12817
13	R	12817
13	J	12822
16	R	12822
16	J	12827
15	R	12827
15	J	12832
14	R	12832
14	J	12837
13	R	12837
13	J	12842
16	R	12842
12	J	12847
16	J	12847
12	R	12847
12	W	12847
15	R	12847
15	J	12852
14	R	12852
14	J	12857
13	R	12857
13	J	12862
16	R	12862
16	J	12867
15	R	12867
15	J	12872
14	R	12872
14	J	12877
13	R	12877
13	J	12882
16	R	12882
16	J	12887
15	R	12887
15	J	12892
14	R	12892
14	J	12897
13	R	12897
13	J	12902
16	R	12902
16	J	12907
15	R	12907
15	J	12912
14	R	12912
14	J	12917
13	R	12917
13	J	12922
16	R	12922
16	J	12927
15	R	12927
15	J	12932
14	R	12932
14	J	12937
13	R	12937
13	J	12942
16	R	12942
16	J	12947
15	R	12947
12	J	12952
15	J	12952
12	R	12952
12	W	12952
14	R	12952
14	J	12957
13	R	12957
13	J	12962
16	R	12962
16	J	12967
15	R	12967
15	J	12972
14	R	12972
14	J	12977
13	R	12977
13	J	12982
16	R	12982
16	J	12987
15	R	12987
15	J	12992
14	R	12992
14	J	12997
13	R	12997
13	J	13002
16	R	13002
16	J	13007
15	R	13007
15	J	13012
14	R	13012
14	J	13017
13	R	13017
13	J	13022
16	R	13022
16	J	13027
15	R	13027
15	J	13032
14	R	13032
14	J	13037
13	R	13037
13	J	13042
16	R	13042
16	J	13047
15	R	13047
15	J	13052
14	R	13052
12	J	13057
14	J	13057
12	R	13057
12	W	13057
13	R	13057
13	J	13062
16	R	13062
16	J	13067
15	R	13067
15	J	13072
14	R	13072
14	J	13077
13	R	13077
13	J	13082
16	R	13082
16	J	13087
15	R	13087
15	J	13092
14	R	13092
14	J	13097
13	R	13097
13	J	13102
16	R	13102
16	J	13107
15	R	13107
15	J	13112
14	R	13112
14	J	13117
13	R	13117
13	J	13122
16	R	13122
16	J	13127
15	R	13127
15	J	13132
14	R	13132
14	J	13137
13	R	13137
13	J	13142
16	R	13142
16	J	13147
15	R	13147
15	J	13152
14	R	13152
14	J	13157
13	R	13157
12	J	13162
13	J	13162
12	R	13162
12	E	13162
7	J	13162
7	R	13162
7	W	13163
16	R	13163
16	J	13168
15	R	13168
15	J	13173
14	R	13173
14	J	13178
13	R	13178
13	J	13183
16	R	13183
16	J	13188
15	R	13188
15	J	13193
14	R	13193
14	J	13198
13	R	13198
13	J	13203
16	R	13203
16	J	13208
15	R	13208
15	J	13213
14	R	13213
14	J	13218
13	R	13218
13	J	13223
16	R	13223
16	W	13224
15	R	13224
15	J	13229
14	R	13229
14	J	13234
13	R	13234
13	J	13239
15	R	13239
15	J	13244
14	R	13244
14	J	13249
13	R	13249
13	J	13254
15	R	13254
15	J	13259
14	R	13259
14	J	13264
13	R	13264
13	J	13269
15	R	13269
15	J	13274
14	R	13274
14	J	13279
13	R	13279
13	J	13284
15	R	13284
15	J	13289
14	R	13289
14	J	13294
13	R	13294
13	J	13299
15	R	13299
15	J	13304
14	R	13304
14	J	13309
13	R	13309
13	J	13314
15	R	13314
15	J	13319
14	R	13319
14	J	13324
13	R	13324
16	J	13329
13	J	13329
16	R	13329
16	J	13343
15	R	13343
15	J	13348
14	R	13348
14	J	13353
13	R	13353
13	J	13358
16	R	13358
16	J	13363
15	R	13363
15	J	13368
14	R	13368
14	J	13373
13	R	13373
13	J	13378
16	R	13378
16	J	13383
15	R	13383
15	J	13388
14	R	13388
14	J	13393
13	R	13393
13	J	13398
16	R	13398
16	J	13403
15	R	13403
15	J	13408
14	R	13408
14	J	13413
13	R	13413
13	J	13418
16	R	13418
16	J	13423
15	R	13423
15	J	13428
14	R	13428
14	J	13433
13	R	13433
13	J	13438
16	R	13438
16	J	13443
15	R	13443
15	J	13448
14	R	13448
14	J	13453
13	R	13453
13	J	13458
16	R	13458
16	J	13463
15	R	13463
15	J	13468
14	R	13468
14	J	13473
13	R	13473
13	J	13478
16	R	13478
16	J	13483
15	R	13483
15	J	13488
14	R	13488
14	J	13493
13	R	13493
13	J	13498
16	R	13498
16	J	13503
15	R	13503
15	J	13508
14	R	13508
14	J	13513
13	R	13513
13	J	13518
16	R	13518
16	J	13523
15	R	13523
15	J	13528
14	R	13528
14	J	13533
13	R	13533
13	J	13538
16	R	13538
16	J	13543
15	R	13543
15	J	13548
14	R	13548
14	J	13553
13	R	13553
13	J	13558
16	R	13558
16	J	13563
15	R	13563
15	J	13568
14	R	13568
14	J	13573
13	R	13573
13	J	13578
16	R	13578
16	J	13583
15	R	13583
15	J	13588
14	R	13588
14	J	13593
13	R	13593
13	J	13598
16	R	13598
16	J	13603
15	R	13603
15	J	13608
14	R	13608
14	J	13613
13	R	13613
13	J	13618
16	R	13618
16	J	13623
15	R	13623
15	J	13628
14	R	13628
14	J	13633
13	R	13633
13	J	13638
16	R	13638
16	J	13643
15	R	13643
15	J	13648
14	R	13648
14	J	13653
13	R	13653
13	J	13658
16	R	13658
16	J	13663
15	R	13663
15	J	13668
14	R	13668
14	J	13673
13	R	13673
13	J	13678
16	R	13678
16	J	13683
15	R	13683
15	J	13688
14	R	13688
14	J	13693
13	R	13693
13	W	13694
16	R	13694
16	J	13699
15	R	13699
15	J	13704
14	R	13704
14	J	13709
16	R	13709
16	J	13714
15	R	13714
15	J	13719
14	R	13719
14	J	13724
16	R	13724
16	J	13729
15	R	13729
15	J	13734
14	R	13734
14	J	13739
16	R	13739
16	J	13744
15	R	13744
15	J	13749
14	R	13749
14	J	13754
16	R	13754
16	J	13759
15	R	13759
15	J	13764
14	R	13764
14	J	13769
16	R	13769
16	J	13774
15	R	13774
15	J	13779
14	R	13779
14	J	13784
16	R	13784
16	J	13789
15	R	13789
15	J	13794
14	R	13794
13	J	13799
14	J	13799
13	R	13799
13	W	13799
16	R	13799
16	J	13804
15	R	13804
15	J	13809
14	R	13809
14	J	13814
16	R	13814
16	J	13819
15	R	13819
15	J	13824
14	R	13824
14	J	13829
16	R	13829
16	J	13834
15	R	13834
15	J	13839
14	R	13839
14	J	13844
16	R	13844
16	J	13849
15	R	13849
15	J	13854
14	R	13854
14	J	13859
16	R	13859
16	J	13864
15	R	13864
15	J	13869
14	R	13869
14	J	13874
16	R	13874
16	J	13879
15	R	13879
15	J	13884
14	R	13884
14	J	13889
16	R	13889
16	J	13894
15	R	13894
15	J	13899
14	R	13899
13	J	13904
14	J	13904
13	R	13904
13	W	13904
16	R	13904
16	J	13909
15	R	13909
15	J	13914
14	R	13914
14	J	13919
16	R	13919
16	J	13924
15	R	13924
15	J	13929
14	R	13929
14	J	13934
16	R	13934
16	J	13939
15	R	13939
15	J	13944
14	R	13944
14	J	13949
16	R	13949
16	J	13954
15	R	13954
15	J	13959
14	R	13959
14	J	13964
16	R	13964
16	J	13969
15	R	13969
15	J	13974
14	R	13974
14	J	13979
16	R	13979
16	J	13984
15	R	13984
15	J	13989
14	R	13989
14	J	13994
16	R	13994
16	J	13999
15	R	13999
15	J	14004
14	R	14004
13	J	14009
14	J	14009
13	R	14009
13	W	14009
16	R	14009
16	J	14014
15	R	14014
15	J	14019
14	R	14019
14	J	14024
16	R	14024
16	J	14029
15	R	14029
15	J	14034
14	R	14034
14	J	14039
16	R	14039
16	J	14044
15	R	14044
15	J	14049
14	R	14049
14	J	14054
16	R	14054
16	J	14059
15	R	14059
15	J	14064
14	R	14064
14	J	14069
16	R	14069
16	J	14074
15	R	14074
15	J	14079
14	R	14079
14	J	14084
16	R	14084
16	J	14089
15	R	14089
15	J	14094
14	R	14094
14	J	14099
16	R	14099
16	J	14104
15	R	14104
15	J	14109
14	R	14109
13	J	14114
14	J	14114
13	R	14114
13	E	14114
7	J	14114
7	R	14114
7	W	14115
16	R	14115
16	J	14120
15	R	14120
15	J	14125
14	R	14125
14	J	14130
16	R	14130
16	J	14135
15	R	14135
15	J	14140
14	R	14140
14	J	14145
16	R	14145
16	J	14150
15	R	14150
15	J	14155
14	R	14155
14	J	14160
16	R	14160
16	J	14165
15	R	14165
15	J	14170
14	R	14170
14	J	14175
16	R	14175
16	J	14180
15	R	14180
15	J	14185
14	R	14185
14	J	14190
16	R	14190
16	J	14195
15	R	14195
15	J	14200
14	R	14200
14	J	14205
16	R	14205
16	J	14210
15	R	14210
15	J	14215
14	R	14215
14	J	14220
16	R	14220
16	J	14225
15	R	14225
15	J	14230
14	R	14230
14	J	14235
16	R	14235
16	J	14240
15	R	14240
15	J	14245
14	R	14245
14	J	14250
16	R	14250
16	J	14255
15	R	14255
15	J	14260
14	R	14260
14	J	14265
16	R	14265
16	J	14270
15	R	14270
15	J	14275
14	R	14275
14	J	14280
16	R	14280
16	J	14285
15	R	14285
15	J	14290
14	R	14290
14	J	14295
16	R	14295
16	J	14300
15	R	14300
15	J	14305
14	R	14305
14	J	14310
16	R	14310
16	J	14315
15	R	14315
15	J	14320
14	R	14320
14	J	14325
16	R	14325
16	J	14330
15	R	14330
15	J	14335
14	R	14335
14	J	14340
16	R	14340
16	J	14345
15	R	14345
15	J	14350
14	R	14350
14	J	14355
16	R	14355
16	J	14360
15	R	14360
15	J	14365
14	R	14365
14	J	14370
16	R	14370
16	J	14375
15	R	14375
15	J	14380
14	R	14380
14	J	14385
16	R	14385
16	J	14390
15	R	14390
15	J	14395
14	R	14395
14	J	14400
16	R	14400
16	J	14405
15	R	14405
15	J	14410
14	R	14410
14	J	14415
16	R	14415
16	J	14420
15	R	14420
15	J	14425
14	R	14425
14	J	14430
16	R	14430
16	J	14435
15	R	14435
15	J	14440
14	R	14440
14	J	14445
16	R	14445
16	J	14450
15	R	14450
15	J	14455
14	R	14455
14	J	14460
16	R	14460
16	J	14465
15	R	14465
15	J	14470
14	R	14470
14	J	14475
16	R	14475
16	J	14480
15	R	14480
15	J	14485
14	R	14485
14	J	14490
16	R	14490
16	J	14495
15	R	14495
15	J	14500
14	R	14500
14	J	14505
16	R	14505
16	J	14510
15	R	14510
15	J	14515
14	R	14515
14	J	14520
16	R	14520
16	J	14525
15	R	14525
15	J	14530
14	R	14530
14	W	14531
16	R	14531
16	J	14536
15	R	14536
15	J	14541
16	R	14541
16	J	14546
15	R	14546
15	J	14551
16	R	14551
16	J	14556
15	R	14556
15	J	14561
16	R	14561
16	J	14566
15	R	14566
15	J	14571
16	R	14571
16	J	14576
15	R	14576
15	J	14581
16	R	14581
16	J	14586
15	R	14586
15	J	14591
16	R	14591
16	J	14596
15	R	14596
15	J	14601
16	R	14601
16	J	14606
15	R	14606
15	J	14611
16	R	14611
16	J	14616
15	R	14616
15	J	14621
16	R	14621
16	J	14626
15	R	14626
15	J	14631
16	R	14631
14	J	14636
16	J	14636
14	R	14636
14	W	14636
15	R	14636
15	J	14641
16	R	14641
16	J	14646
15	R	14646
15	J	14651
16	R	14651
16	J	14656
15	R	14656
15	J	14661
16	R	14661
16	J	14666
15	R	14666
15	J	14671
16	R	14671
16	J	14676
15	R	14676
15	J	14681
16	R	14681
16	J	14686
15	R	14686
15	J	14691
16	R	14691
16	J	14696
15	R	14696
15	J	14701
16	R	14701
16	J	14706
15	R	14706
15	J	14711
16	R	14711
16	J	14716
15	R	14716
15	J	14721
16	R	14721
16	J	14726
15	R	14726
15	J	14731
16	R	14731
16	J	14736
15	R	14736
14	J	14741
15	J	14741
14	R	14741
14	W	14741
16	R	14741
16	J	14746
15	R	14746
15	J	14751
16	R	14751
16	J	14756
15	R	14756
15	J	14761
16	R	14761
16	J	14766
15	R	14766
15	J	14771
16	R	14771
16	J	14776
15	R	14776
15	J	14781
16	R	14781
16	J	14786
15	R	14786
15	J	14791
16	R	14791
16	J	14796
15	R	14796
15	J	14801
16	R	14801
16	J	14806
15	R	14806
15	J	14811
16	R	14811
16	J	14816
15	R	14816
15	J	14821
16	R	14821
16	J	14826
15	R	14826
15	J	14831
16	R	14831
16	J	14836
15	R	14836
15	J	14841
16	R	14841
14	J	14846
16	J	14846
14	R	14846
14	E	14846
7	J	14846
7	R	14846
7	W	14847
15	R	14847
15	J	14852
16	R	14852
16	J	14857
15	R	14857
15	J	14862
16	R	14862
16	J	14867
15	R	14867
15	J	14872
16	R	14872
16	J	14877
15	R	14877
15	J	14882
16	R	14882
16	J	14887
15	R	14887
15	J	14892
16	R	14892
16	J	14897
15	R	14897
15	J	14902
16	R	14902
16	J	14907
15	R	14907
15	J	14912
16	R	14912
16	J	14917
15	R	14917
15	J	14922
16	R	14922
16	J	14927
15	R	14927
15	J	14932
16	R	14932
16	J	14937
15	R	14937
15	J	14942
16	R	14942
16	J	14947
15	R	14947
15	J	14952
16	R	14952
16	J	14957
15	R	14957
15	J	14962
16	R	14962
16	J	14967
15	R	14967
15	J	14972
16	R	14972
16	J	14977
15	R	14977
15	J	14982
16	R	14982
16	J	14987
15	R	14987
15	J	14992
16	R	14992
16	J	14997
15	R	14997
15	J	15002
16	R	15002
16	J	15007
15	R	15007
15	J	15012
16	R	15012
16	J	15017
15	R	15017
15	J	15022
16	R	15022
16	J	15027
15	R	15027
15	W	15028
16	R	15028
3	J	15088
16	J	15088
3	R	15088
3	W	15091
16	R	15091
15	J	15131
16	J	15131
15	R	15131
15	W	15131
16	R	15131
15	J	15236
16	J	15236
15	R	15236
15	E	15236
7	J	15236
7	R	15236
7	W	15237
16	R	15237
16	W	15303
0	R	15303
16	J	15404
16	R	15404
16	E	15404
7	J	15404
7	R	15404
7	E	15405
4	J	15405
4	R	15405
17	N	15406
17	J	15407
4	W	15407
17	R	15407
4	J	15410
17	E	15411
4	R	15411
4	W	15412
0	R	15412
3	J	18089
3	R	18089
3	W	18091
0	R	18092
4	J	20196
4	R	20197
4	W	20197
0	R	20197
4	J	20226
4	R	20226
4	W	20227
0	R	20227
4	J	20257
4	R	20257
4	W	20257
0	R	20257
4	J	20282
4	R	20282
4	W	20282
0	R	20282
4	J	20316
4	R	20316
4	W	20317
0	R	20317
4	J	20346
4	R	20346
4	W	20347
0	R	20347
4	J	20466
4	R	20466
4	W	20467
0	R	20467
4	J	20496
4	R	20496
4	W	20497
0	R	20497
4	J	20536
4	R	20536
18	N	20538
18	J	20539
4	W	20540
18	R	20540
18	E	20545
4	J	20545
4	R	20545
19	N	20546
19	J	20546
4	J	20547
19	R	20547
19	E	20551
4	R	20551
4	W	20551
0	R	20552
4	J	20556
4	R	20556
4	W	20557
0	R	20557
3	J	21090
3	R	21090
